{
  "Cucumber Features": {
    "coverage": {
      "/Users/townsendsaunders3/cs169/Women-in-Chemistry-Initiative-WICI/app/models/volunteer.rb": [
        1,
        null,
        null,
        1,
        null,
        null
      ],
      "/Users/townsendsaunders3/cs169/Women-in-Chemistry-Initiative-WICI/app/models/application_record.rb": [
        1,
        1,
        null
      ],
      "/Users/townsendsaunders3/cs169/Women-in-Chemistry-Initiative-WICI/app/models/admin.rb": [
        1,
        null,
        null,
        1,
        null,
        null
      ],
      "/Users/townsendsaunders3/cs169/Women-in-Chemistry-Initiative-WICI/app/controllers/donations_controller.rb": [
        1,
        1,
        null,
        null,
        1,
        2,
        2,
        1,
        1,
        null,
        null,
        null,
        1,
        0,
        0,
        0,
        null,
        null,
        null,
        null,
        0,
        null,
        null,
        null,
        null,
        null,
        null,
        0,
        0,
        null,
        0,
        0,
        null,
        null,
        0,
        0,
        null,
        null,
        1,
        null,
        1,
        2,
        null,
        null,
        null
      ],
      "/Users/townsendsaunders3/cs169/Women-in-Chemistry-Initiative-WICI/app/controllers/application_controller.rb": [
        1,
        1,
        null
      ],
      "/Users/townsendsaunders3/cs169/Women-in-Chemistry-Initiative-WICI/app/helpers/application_helper.rb": [
        1,
        null
      ],
      "/Users/townsendsaunders3/cs169/Women-in-Chemistry-Initiative-WICI/app/models/donation.rb": [
        1,
        1,
        null,
        1,
        null,
        null,
        1,
        null,
        1,
        2,
        null,
        null,
        1,
        1,
        null,
        null
      ],
      "/Users/townsendsaunders3/cs169/Women-in-Chemistry-Initiative-WICI/app/models/event.rb": [
        1,
        1,
        1,
        null,
        1,
        1,
        null,
        1,
        10,
        null,
        null
      ],
      "/Users/townsendsaunders3/cs169/Women-in-Chemistry-Initiative-WICI/app/controllers/events_controller.rb": [
        1,
        1,
        null,
        null,
        null,
        1,
        10,
        null,
        null,
        1,
        1,
        null,
        null,
        null,
        null,
        1,
        4,
        null,
        null,
        null,
        1,
        0,
        null,
        null,
        null,
        1,
        null,
        null,
        null,
        null,
        1,
        0,
        null,
        0,
        0,
        0,
        0,
        null,
        0,
        0,
        null,
        null,
        null,
        null,
        null,
        null,
        1,
        0,
        0,
        0,
        0,
        null,
        0,
        0,
        null,
        null,
        null,
        null,
        null,
        null,
        1,
        0,
        0,
        0,
        0,
        null,
        null,
        null,
        1,
        null,
        1,
        4,
        null,
        null,
        null,
        1,
        0,
        null,
        null
      ],
      "/Users/townsendsaunders3/cs169/Women-in-Chemistry-Initiative-WICI/app/models/guest.rb": [
        1,
        1,
        1,
        1,
        1,
        null,
        1,
        5,
        1,
        null,
        null,
        null
      ],
      "/Users/townsendsaunders3/cs169/Women-in-Chemistry-Initiative-WICI/app/controllers/guests_controller.rb": [
        1,
        1,
        1,
        null,
        1,
        5,
        null,
        null,
        1,
        5,
        5,
        null,
        null,
        5,
        3,
        3,
        null,
        2,
        2,
        null,
        null,
        null,
        1,
        1,
        1,
        2,
        1,
        null,
        null,
        null,
        1,
        1,
        5,
        null,
        1,
        1,
        null,
        null,
        1,
        11,
        null,
        null
      ],
      "/Users/townsendsaunders3/cs169/Women-in-Chemistry-Initiative-WICI/app/controllers/home_controller.rb": [
        1,
        1,
        null,
        null
      ],
      "/Users/townsendsaunders3/cs169/Women-in-Chemistry-Initiative-WICI/app/controllers/about_controller.rb": [
        1,
        1,
        null,
        null,
        null
      ],
      "/Users/townsendsaunders3/cs169/Women-in-Chemistry-Initiative-WICI/app/mailers/message_mailer.rb": [
        0,
        null,
        null,
        null,
        null,
        null,
        null,
        0,
        0,
        null,
        0,
        null,
        0,
        0,
        0
      ],
      "/Users/townsendsaunders3/cs169/Women-in-Chemistry-Initiative-WICI/app/mailers/user_mailer.rb": [
        0,
        0,
        0,
        0,
        0,
        0,
        0
      ],
      "/Users/townsendsaunders3/cs169/Women-in-Chemistry-Initiative-WICI/app/mailers/application_mailer.rb": [
        0,
        0,
        0,
        0
      ],
      "/Users/townsendsaunders3/cs169/Women-in-Chemistry-Initiative-WICI/app/models/message.rb": [
        0,
        0,
        0,
        0,
        0,
        0
      ],
      "/Users/townsendsaunders3/cs169/Women-in-Chemistry-Initiative-WICI/app/controllers/messages_controller.rb": [
        0,
        null,
        0,
        0,
        0,
        null,
        0,
        null,
        null,
        0,
        null,
        0,
        0,
        0,
        0,
        0,
        0,
        0,
        0,
        0,
        null,
        0,
        null,
        0,
        0,
        0,
        null,
        0
      ]
    },
    "timestamp": 1555030849
  },
  "RSpec": {
    "coverage": {
      "/Users/townsendsaunders3/cs169/Women-in-Chemistry-Initiative-WICI/config/environment.rb": [
        null,
        1,
        null,
        null,
        1
      ],
      "/Users/townsendsaunders3/cs169/Women-in-Chemistry-Initiative-WICI/config/application.rb": [
        1,
        null,
        1,
        null,
        null,
        null,
        1,
        null,
        1,
        1,
        null,
        1,
        null,
        null,
        null,
        null,
        null,
        null
      ],
      "/Users/townsendsaunders3/cs169/Women-in-Chemistry-Initiative-WICI/config/boot.rb": [
        1,
        null,
        1
      ],
      "/Users/townsendsaunders3/cs169/Women-in-Chemistry-Initiative-WICI/config/environments/test.rb": [
        1,
        null,
        null,
        null,
        null,
        null,
        null,
        1,
        null,
        null,
        null,
        null,
        1,
        null,
        null,
        1,
        1,
        null,
        null,
        null,
        null,
        1,
        1,
        null,
        null,
        1,
        null,
        null,
        1,
        1,
        null,
        null,
        null,
        null,
        1,
        null,
        null,
        1,
        null,
        null,
        null,
        null
      ],
      "/Users/townsendsaunders3/cs169/Women-in-Chemistry-Initiative-WICI/config/initializers/application_controller_renderer.rb": [
        null,
        null,
        null,
        null,
        null,
        null,
        null,
        null
      ],
      "/Users/townsendsaunders3/cs169/Women-in-Chemistry-Initiative-WICI/config/initializers/assets.rb": [
        null,
        null,
        null,
        1,
        null,
        null,
        null,
        null,
        1,
        null,
        null,
        null,
        null,
        null
      ],
      "/Users/townsendsaunders3/cs169/Women-in-Chemistry-Initiative-WICI/config/initializers/backtrace_silencers.rb": [
        null,
        null,
        null,
        null,
        null,
        null,
        null
      ],
      "/Users/townsendsaunders3/cs169/Women-in-Chemistry-Initiative-WICI/config/initializers/cookies_serializer.rb": [
        null,
        null,
        null,
        null,
        1
      ],
      "/Users/townsendsaunders3/cs169/Women-in-Chemistry-Initiative-WICI/config/initializers/devise.rb": [
        null,
        null,
        null,
        null,
        1,
        null,
        null,
        null,
        null,
        null,
        null,
        null,
        null,
        null,
        null,
        null,
        null,
        null,
        null,
        null,
        1,
        null,
        null,
        null,
        null,
        null,
        null,
        null,
        null,
        null,
        null,
        null,
        1,
        null,
        null,
        null,
        null,
        null,
        null,
        null,
        null,
        null,
        null,
        null,
        null,
        null,
        null,
        null,
        null,
        null,
        null,
        null,
        null,
        null,
        1,
        null,
        null,
        null,
        null,
        1,
        null,
        null,
        null,
        null,
        null,
        null,
        null,
        null,
        null,
        null,
        null,
        null,
        null,
        null,
        null,
        null,
        null,
        null,
        null,
        null,
        null,
        null,
        null,
        null,
        null,
        null,
        null,
        null,
        null,
        null,
        1,
        null,
        null,
        null,
        null,
        null,
        null,
        null,
        null,
        null,
        null,
        null,
        null,
        null,
        null,
        null,
        null,
        null,
        null,
        null,
        null,
        null,
        null,
        1,
        null,
        null,
        null,
        null,
        null,
        null,
        null,
        null,
        null,
        null,
        null,
        null,
        null,
        null,
        null,
        null,
        null,
        null,
        null,
        null,
        null,
        null,
        null,
        null,
        null,
        null,
        null,
        null,
        null,
        null,
        null,
        null,
        null,
        1,
        null,
        null,
        null,
        null,
        null,
        null,
        null,
        null,
        null,
        1,
        null,
        null,
        null,
        null,
        null,
        null,
        null,
        null,
        null,
        null,
        1,
        null,
        null,
        null,
        null,
        1,
        null,
        null,
        null,
        null,
        null,
        null,
        null,
        null,
        null,
        null,
        null,
        null,
        null,
        null,
        null,
        null,
        null,
        null,
        null,
        null,
        null,
        null,
        null,
        null,
        null,
        null,
        null,
        null,
        null,
        null,
        null,
        null,
        null,
        null,
        null,
        null,
        null,
        null,
        null,
        null,
        1,
        null,
        null,
        null,
        null,
        null,
        null,
        null,
        null,
        null,
        null,
        null,
        null,
        null,
        null,
        null,
        null,
        null,
        null,
        null,
        null,
        null,
        null,
        null,
        null,
        null,
        null,
        null,
        null,
        null,
        null,
        null,
        null,
        null,
        null,
        null,
        null,
        null,
        null,
        null,
        null,
        null,
        1,
        null,
        null,
        null,
        null,
        null,
        null,
        null,
        null,
        null,
        null,
        null,
        null,
        null,
        null,
        null,
        null,
        null,
        null,
        null,
        null,
        null,
        null,
        null,
        null,
        null,
        null,
        null,
        null,
        null,
        null,
        null,
        null,
        null,
        null,
        null,
        null,
        null,
        null,
        null,
        null,
        null,
        null
      ],
      "/Users/townsendsaunders3/cs169/Women-in-Chemistry-Initiative-WICI/config/initializers/filter_parameter_logging.rb": [
        null,
        null,
        null,
        1
      ],
      "/Users/townsendsaunders3/cs169/Women-in-Chemistry-Initiative-WICI/config/initializers/inflections.rb": [
        null,
        null,
        null,
        null,
        null,
        null,
        null,
        null,
        null,
        null,
        null,
        null,
        null,
        null,
        null,
        null
      ],
      "/Users/townsendsaunders3/cs169/Women-in-Chemistry-Initiative-WICI/config/initializers/mime_types.rb": [
        null,
        null,
        null,
        null
      ],
      "/Users/townsendsaunders3/cs169/Women-in-Chemistry-Initiative-WICI/config/initializers/stripe.rb": [
        1,
        null,
        null,
        null,
        null,
        1
      ],
      "/Users/townsendsaunders3/cs169/Women-in-Chemistry-Initiative-WICI/config/initializers/wrap_parameters.rb": [
        null,
        null,
        null,
        null,
        null,
        null,
        1,
        2,
        null,
        null,
        null,
        null,
        null,
        null
      ],
      "/Users/townsendsaunders3/cs169/Women-in-Chemistry-Initiative-WICI/spec/factories/event.rb": [
        1,
        1,
        1,
        1,
        1,
        1,
        1,
        1,
        null,
        null,
        1,
        1,
        1,
        1,
        1,
        1,
        1,
        null,
        null,
        1,
        1,
        1,
        1,
        1,
        1,
        1,
        null,
        null,
        1,
        1,
        1,
        1,
        1,
        1,
        1,
        null,
        null
      ],
      "/Users/townsendsaunders3/cs169/Women-in-Chemistry-Initiative-WICI/spec/factories/guest.rb": [
        1,
        1,
        1,
        1,
        1,
        1,
        1,
        1,
        null,
        null,
        1,
        1,
        1,
        1,
        1,
        1,
        1,
        null,
        null
      ],
      "/Users/townsendsaunders3/cs169/Women-in-Chemistry-Initiative-WICI/config/routes.rb": [
        1,
        1,
        1,
        null,
        null,
        1,
        1,
        1,
        1,
        null,
        1,
        1,
        null,
        1,
        null,
        1,
        null,
        null,
        1,
        null,
        null,
        null
      ],
      "/Users/townsendsaunders3/cs169/Women-in-Chemistry-Initiative-WICI/app/models/volunteer.rb": [
        1,
        null,
        null,
        1,
        null,
        null
      ],
      "/Users/townsendsaunders3/cs169/Women-in-Chemistry-Initiative-WICI/app/models/application_record.rb": [
        1,
        1,
        null
      ],
      "/Users/townsendsaunders3/cs169/Women-in-Chemistry-Initiative-WICI/app/models/admin.rb": [
        1,
        null,
        null,
        1,
        null,
        null
      ],
      "/Users/townsendsaunders3/cs169/Women-in-Chemistry-Initiative-WICI/app/helpers/application_helper.rb": [
        1,
        null
      ],
      "/Users/townsendsaunders3/cs169/Women-in-Chemistry-Initiative-WICI/app/controllers/donations_controller.rb": [
        1,
        1,
        null,
        null,
        1,
        2,
        2,
        1,
        1,
        null,
        null,
        null,
        1,
        3,
        3,
        2,
        null,
        null,
        null,
        null,
        2,
        null,
        null,
        null,
        null,
        null,
        null,
        1,
        1,
        null,
        1,
        1,
        null,
        null,
        1,
        1,
        null,
        null,
        1,
        null,
        1,
        5,
        null,
        null,
        null
      ],
      "/Users/townsendsaunders3/cs169/Women-in-Chemistry-Initiative-WICI/app/controllers/application_controller.rb": [
        1,
        1,
        null
      ],
      "/Users/townsendsaunders3/cs169/Women-in-Chemistry-Initiative-WICI/spec/controllers/events_controller_spec.rb": [
        1,
        null,
        1,
        13,
        13,
        13,
        null,
        1,
        1,
        1,
        1,
        1,
        null,
        null,
        null,
        1,
        1,
        1,
        1,
        1,
        null,
        null,
        null,
        1,
        1,
        1,
        1,
        1,
        null,
        null,
        null,
        1,
        1,
        2,
        2,
        null,
        1,
        1,
        1,
        1,
        null,
        1,
        2,
        2,
        null,
        null,
        null,
        null,
        1,
        1,
        1,
        1,
        1,
        null,
        null,
        null,
        1,
        1,
        2,
        2,
        null,
        null,
        1,
        1,
        1,
        null,
        null,
        null,
        1,
        1,
        1,
        1,
        1,
        null,
        null,
        1,
        1,
        1,
        1,
        null,
        null,
        1,
        2,
        2,
        null,
        null,
        null,
        null
      ],
      "/Users/townsendsaunders3/cs169/Women-in-Chemistry-Initiative-WICI/app/controllers/events_controller.rb": [
        1,
        1,
        null,
        null,
        null,
        1,
        1,
        null,
        null,
        1,
        1,
        null,
        null,
        null,
        null,
        1,
        1,
        null,
        null,
        null,
        1,
        1,
        null,
        null,
        null,
        1,
        null,
        null,
        null,
        null,
        1,
        3,
        null,
        3,
        3,
        2,
        1,
        null,
        4,
        2,
        null,
        null,
        null,
        null,
        null,
        null,
        1,
        3,
        3,
        2,
        1,
        null,
        4,
        2,
        null,
        null,
        null,
        null,
        null,
        null,
        1,
        2,
        2,
        4,
        2,
        null,
        null,
        null,
        1,
        null,
        1,
        6,
        null,
        null,
        null,
        1,
        6,
        null,
        null
      ],
      "/Users/townsendsaunders3/cs169/Women-in-Chemistry-Initiative-WICI/spec/controllers/guests_controller_spec.rb": [
        1,
        10,
        10,
        10,
        null,
        null,
        1,
        1,
        1,
        1,
        1,
        null,
        null,
        null,
        1,
        1,
        2,
        2,
        null,
        1,
        1,
        1,
        1,
        null,
        1,
        2,
        2,
        null,
        null,
        1,
        1,
        1,
        1,
        null,
        1,
        2,
        2,
        null,
        null,
        null,
        null,
        1,
        1,
        2,
        2,
        null,
        null,
        1,
        1,
        1,
        null,
        null,
        1,
        1,
        4,
        null,
        null,
        null,
        null
      ],
      "/Users/townsendsaunders3/cs169/Women-in-Chemistry-Initiative-WICI/app/controllers/guests_controller.rb": [
        1,
        1,
        1,
        null,
        1,
        1,
        null,
        null,
        1,
        5,
        5,
        null,
        null,
        5,
        1,
        1,
        null,
        4,
        4,
        null,
        null,
        null,
        1,
        2,
        2,
        4,
        2,
        null,
        null,
        null,
        1,
        1,
        5,
        null,
        1,
        2,
        null,
        null,
        1,
        8,
        null,
        null
      ],
      "/Users/townsendsaunders3/cs169/Women-in-Chemistry-Initiative-WICI/spec/controllers/messages_controller_spec.rb": [
        1,
        null,
        1,
        1,
        1,
        1,
        1,
        null,
        null,
        null,
        1,
        1,
        1,
        null,
        1,
        1,
        null,
        null,
        1,
        1,
        null,
        1,
        1,
        null,
        null,
        null
      ],
      "/Users/townsendsaunders3/cs169/Women-in-Chemistry-Initiative-WICI/app/controllers/messages_controller.rb": [
        1,
        null,
        1,
        1,
        null,
        null,
        1,
        null,
        null,
        2,
        null,
        2,
        1,
        1,
        1,
        null,
        1,
        1,
        null,
        null,
        null,
        1,
        null,
        1,
        2,
        null,
        null,
        null
      ],
      "/Users/townsendsaunders3/cs169/Women-in-Chemistry-Initiative-WICI/app/models/donation.rb": [
        1,
        1,
        null,
        1,
        null,
        null,
        1,
        null,
        1,
        5,
        null,
        null,
        1,
        4,
        null,
        null
      ],
      "/Users/townsendsaunders3/cs169/Women-in-Chemistry-Initiative-WICI/app/models/event.rb": [
        1,
        1,
        1,
        null,
        1,
        1,
        null,
        1,
        1,
        null,
        null
      ],
      "/Users/townsendsaunders3/cs169/Women-in-Chemistry-Initiative-WICI/app/models/guest.rb": [
        1,
        1,
        1,
        1,
        1,
        null,
        1,
        26,
        2,
        null,
        null,
        null
      ],
      "/Users/townsendsaunders3/cs169/Women-in-Chemistry-Initiative-WICI/app/models/message.rb": [
        1,
        1,
        1,
        1,
        1,
        null
      ],
      "/Users/townsendsaunders3/cs169/Women-in-Chemistry-Initiative-WICI/app/mailers/message_mailer.rb": [
        1,
        null,
        null,
        null,
        null,
        null,
        null,
        1,
        1,
        null,
        1,
        null,
        1,
        null,
        null
      ],
      "/Users/townsendsaunders3/cs169/Women-in-Chemistry-Initiative-WICI/app/mailers/application_mailer.rb": [
        1,
        1,
        1,
        null
      ]
    },
    "timestamp": 1555030887
  }
}
